[0m15:02:15.270644 [debug] [MainThread]: Sending event: {'category': 'dbt', 'action': 'invocation', 'label': 'start', 'context': [<snowplow_tracker.self_describing_json.SelfDescribingJson object at 0x000002AA39F76570>, <snowplow_tracker.self_describing_json.SelfDescribingJson object at 0x000002AA38F29E50>, <snowplow_tracker.self_describing_json.SelfDescribingJson object at 0x000002AA38F2A6C0>]}


============================== 15:02:15.286303 | 793e0d65-1edb-4f60-8ab3-49e05b84cdd0 ==============================
[0m15:02:15.286303 [info ] [MainThread]: Running with dbt=1.11.2
[0m15:02:15.286303 [debug] [MainThread]: running dbt with arguments {'static_parser': 'True', 'no_print': 'None', 'version_check': 'True', 'target_path': 'None', 'warn_error_options': 'WarnErrorOptionsV2(error=[], warn=[], silence=[])', 'printer_width': '80', 'write_json': 'True', 'empty': 'None', 'log_cache_events': 'False', 'introspect': 'True', 'cache_selected_only': 'False', 'fail_fast': 'False', 'debug': 'False', 'log_format': 'default', 'partial_parse': 'True', 'send_anonymous_usage_stats': 'True', 'quiet': 'False', 'warn_error': 'None', 'profiles_dir': 'C:\\Users\\dell\\.dbt', 'indirect_selection': 'eager', 'invocation_command': 'dbt init attribution-pipeline', 'use_colors': 'True', 'use_experimental_parser': 'False', 'log_path': 'logs'}
[0m15:02:15.583286 [info ] [MainThread]: Creating dbt configuration folder at C:\Users\dell\.dbt
[0m15:05:25.419385 [debug] [MainThread]: Starter project path: C:\Users\dell\Documents\Attribution pipeline\attribution-pipeline\venv\Lib\site-packages\dbt\include\starter_project
[0m15:05:25.483713 [info ] [MainThread]: 
Your new dbt project "attribution_pipeline" was created!

For more information on how to configure the profiles.yml file,
please consult the dbt documentation here:

  https://docs.getdbt.com/docs/configure-your-profile

One more thing:

Need help? Don't hesitate to reach out to us via GitHub issues or on Slack:

  https://community.getdbt.com/

Happy modeling!

[0m15:05:25.485710 [info ] [MainThread]: Setting up your profile.
[0m15:07:12.039264 [info ] [MainThread]: Profile attribution_pipeline written to C:\Users\dell\.dbt\profiles.yml using target's sample configuration. Once updated, you'll be able to start developing with dbt.
[0m15:07:12.039264 [debug] [MainThread]: Command `dbt init` succeeded at 15:07:12.039264 after 296.96 seconds
[0m15:07:12.054885 [debug] [MainThread]: Sending event: {'category': 'dbt', 'action': 'invocation', 'label': 'end', 'context': [<snowplow_tracker.self_describing_json.SelfDescribingJson object at 0x000002AA3AC16660>, <snowplow_tracker.self_describing_json.SelfDescribingJson object at 0x000002AA3986BA70>, <snowplow_tracker.self_describing_json.SelfDescribingJson object at 0x000002AA3A7FACF0>]}
[0m15:07:12.054885 [debug] [MainThread]: Flushing usage events
[0m15:07:14.382470 [debug] [MainThread]: An error was encountered while trying to flush usage events
[0m21:24:31.207622 [debug] [MainThread]: Sending event: {'category': 'dbt', 'action': 'invocation', 'label': 'start', 'context': [<snowplow_tracker.self_describing_json.SelfDescribingJson object at 0x00000219F588EC90>, <snowplow_tracker.self_describing_json.SelfDescribingJson object at 0x00000219F2FCB470>, <snowplow_tracker.self_describing_json.SelfDescribingJson object at 0x00000219F484D9D0>]}


============================== 21:24:31.227545 | c06d5c7e-453f-4105-bdd8-f7d0e3008151 ==============================
[0m21:24:31.227545 [info ] [MainThread]: Running with dbt=1.11.2
[0m21:24:31.228543 [debug] [MainThread]: running dbt with arguments {'static_parser': 'True', 'no_print': 'None', 'version_check': 'True', 'target_path': 'None', 'warn_error_options': 'WarnErrorOptionsV2(error=[], warn=[], silence=[])', 'printer_width': '80', 'write_json': 'True', 'introspect': 'True', 'log_cache_events': 'False', 'empty': 'None', 'cache_selected_only': 'False', 'fail_fast': 'False', 'debug': 'False', 'log_format': 'default', 'partial_parse': 'True', 'send_anonymous_usage_stats': 'True', 'quiet': 'False', 'warn_error': 'None', 'profiles_dir': 'C:\\Users\\dell\\.dbt', 'indirect_selection': 'eager', 'invocation_command': 'dbt debug', 'use_colors': 'True', 'use_experimental_parser': 'False', 'log_path': 'logs'}
[0m21:24:31.449474 [info ] [MainThread]: dbt version: 1.11.2
[0m21:24:31.450497 [info ] [MainThread]: python version: 3.12.10
[0m21:24:31.451458 [info ] [MainThread]: python path: C:\Users\dell\Documents\Attribution pipeline\attribution-pipeline\venv\Scripts\python.exe
[0m21:24:31.452460 [info ] [MainThread]: os info: Windows-10-10.0.19045-SP0
[0m21:24:31.748780 [info ] [MainThread]: Using profiles dir at C:\Users\dell\.dbt
[0m21:24:31.748780 [info ] [MainThread]: Using profiles.yml file at C:\Users\dell\.dbt\profiles.yml
[0m21:24:31.748780 [info ] [MainThread]: Using dbt_project.yml file at C:\Users\dell\Documents\Attribution pipeline\attribution-pipeline\dbt_project.yml
[0m21:24:31.781645 [info ] [MainThread]: adapter type: duckdb
[0m21:24:31.781645 [info ] [MainThread]: adapter version: 1.10.0
[0m21:24:31.781645 [info ] [MainThread]: Configuration:
[0m21:24:31.781645 [info ] [MainThread]:   profiles.yml file [[32mOK found and valid[0m]
[0m21:24:31.781645 [info ] [MainThread]:   dbt_project.yml file [[31mERROR not found[0m]
[0m21:24:31.781645 [info ] [MainThread]: Required dependencies:
[0m21:24:31.781645 [debug] [MainThread]: Executing "git --help"
[0m21:24:31.841579 [debug] [MainThread]: STDOUT: "b"usage: git [-v | --version] [-h | --help] [-C <path>] [-c <name>=<value>]\n           [--exec-path[=<path>]] [--html-path] [--man-path] [--info-path]\n           [-p | --paginate | -P | --no-pager] [--no-replace-objects] [--no-lazy-fetch]\n           [--no-optional-locks] [--no-advice] [--bare] [--git-dir=<path>]\n           [--work-tree=<path>] [--namespace=<name>] [--config-env=<name>=<envvar>]\n           <command> [<args>]\n\nThese are common Git commands used in various situations:\n\nstart a working area (see also: git help tutorial)\n   clone      Clone a repository into a new directory\n   init       Create an empty Git repository or reinitialize an existing one\n\nwork on the current change (see also: git help everyday)\n   add        Add file contents to the index\n   mv         Move or rename a file, a directory, or a symlink\n   restore    Restore working tree files\n   rm         Remove files from the working tree and from the index\n\nexamine the history and state (see also: git help revisions)\n   bisect     Use binary search to find the commit that introduced a bug\n   diff       Show changes between commits, commit and working tree, etc\n   grep       Print lines matching a pattern\n   log        Show commit logs\n   show       Show various types of objects\n   status     Show the working tree status\n\ngrow, mark and tweak your common history\n   backfill   Download missing objects in a partial clone\n   branch     List, create, or delete branches\n   commit     Record changes to the repository\n   merge      Join two or more development histories together\n   rebase     Reapply commits on top of another base tip\n   reset      Reset current HEAD to the specified state\n   switch     Switch branches\n   tag        Create, list, delete or verify tags\n\ncollaborate (see also: git help workflows)\n   fetch      Download objects and refs from another repository\n   pull       Fetch from and integrate with another repository or a local branch\n   push       Update remote refs along with associated objects\n\n'git help -a' and 'git help -g' list available subcommands and some\nconcept guides. See 'git help <command>' or 'git help <concept>'\nto read about a specific subcommand or concept.\nSee 'git help git' for an overview of the system.\n""
[0m21:24:31.842577 [debug] [MainThread]: STDERR: "b''"
[0m21:24:31.842577 [info ] [MainThread]:  - git [[32mOK found[0m]

[0m21:24:31.843610 [info ] [MainThread]: Connection:
[0m21:24:31.844571 [info ] [MainThread]:   database: dev
[0m21:24:31.845568 [info ] [MainThread]:   schema: main
[0m21:24:31.845568 [info ] [MainThread]:   path: dev.duckdb
[0m21:24:31.846602 [info ] [MainThread]:   config_options: None
[0m21:24:31.847565 [info ] [MainThread]:   extensions: None
[0m21:24:31.847565 [info ] [MainThread]:   settings: {}
[0m21:24:31.848894 [info ] [MainThread]:   external_root: .
[0m21:24:31.851247 [info ] [MainThread]:   use_credential_provider: None
[0m21:24:31.852255 [info ] [MainThread]:   attach: None
[0m21:24:31.853242 [info ] [MainThread]:   filesystems: None
[0m21:24:31.853242 [info ] [MainThread]:   remote: None
[0m21:24:31.854249 [info ] [MainThread]:   plugins: None
[0m21:24:31.855236 [info ] [MainThread]:   disable_transactions: False
[0m21:24:31.856277 [info ] [MainThread]: Registered adapter: duckdb=1.10.0
[0m21:24:32.357913 [debug] [MainThread]: Acquiring new duckdb connection 'debug'
[0m21:24:35.326394 [debug] [MainThread]: Using duckdb connection "debug"
[0m21:24:35.326394 [debug] [MainThread]: On debug: select 1 as id
[0m21:24:35.326394 [debug] [MainThread]: Opening a new connection, currently in state init
[0m21:24:35.373259 [debug] [MainThread]: SQL status: OK in 0.047 seconds
[0m21:24:35.373259 [debug] [MainThread]: On debug: Close
[0m21:24:35.373259 [info ] [MainThread]:   Connection test: [[32mOK connection ok[0m]

[0m21:24:35.373259 [info ] [MainThread]: [31m1 check failed:[0m
[0m21:24:35.373259 [info ] [MainThread]: Project loading failed for the following reason:
 project path <C:\Users\dell\Documents\Attribution pipeline\attribution-pipeline\dbt_project.yml> not found

[0m21:24:35.373259 [debug] [MainThread]: Command `dbt debug` failed at 21:24:35.373259 after 4.38 seconds
[0m21:24:35.373259 [debug] [MainThread]: Connection 'debug' was properly closed.
[0m21:24:35.373259 [debug] [MainThread]: Sending event: {'category': 'dbt', 'action': 'invocation', 'label': 'end', 'context': [<snowplow_tracker.self_describing_json.SelfDescribingJson object at 0x00000219F6166A20>, <snowplow_tracker.self_describing_json.SelfDescribingJson object at 0x00000219F6165160>, <snowplow_tracker.self_describing_json.SelfDescribingJson object at 0x00000219F2FCB470>]}
[0m21:24:35.373259 [debug] [MainThread]: Flushing usage events
[0m21:24:38.227604 [debug] [MainThread]: An error was encountered while trying to flush usage events
